[24/Jan/2015 19:35:19] "GET /admin/ HTTP/1.1" 200 7104
[24/Jan/2015 19:35:25] "GET /admin/auth/user/add/ HTTP/1.1" 200 4944
[24/Jan/2015 19:35:25] "GET /admin/jsi18n/ HTTP/1.1" 200 6496
[24/Jan/2015 19:35:34] "POST /admin/auth/user/add/ HTTP/1.1" 200 5124
[24/Jan/2015 19:35:35] "GET /admin/jsi18n/ HTTP/1.1" 200 6496
[24/Jan/2015 19:35:39] "POST /admin/auth/user/add/ HTTP/1.1" 200 5179
[24/Jan/2015 19:35:39] "GET /admin/jsi18n/ HTTP/1.1" 200 6496
[24/Jan/2015 19:35:44] "POST /admin/auth/user/add/ HTTP/1.1" 302 0
[24/Jan/2015 19:35:44] "GET /admin/auth/user/3/ HTTP/1.1" 200 13719
[24/Jan/2015 19:35:44] "GET /admin/jsi18n/ HTTP/1.1" 200 6496
[24/Jan/2015 19:36:44] "POST /admin/auth/user/3/ HTTP/1.1" 302 0
[24/Jan/2015 19:36:44] "GET /admin/auth/user/ HTTP/1.1" 200 7465
[24/Jan/2015 19:36:44] "GET /admin/jsi18n/ HTTP/1.1" 200 6496
[24/Jan/2015 19:36:51] "GET /admin/auth/user/3/ HTTP/1.1" 200 13816
[24/Jan/2015 19:36:51] "GET /admin/jsi18n/ HTTP/1.1" 200 6496
[24/Jan/2015 19:36:57] "POST /admin/auth/user/3/ HTTP/1.1" 302 0
[24/Jan/2015 19:36:57] "GET /admin/auth/user/ HTTP/1.1" 200 7465
[24/Jan/2015 19:36:57] "GET /admin/jsi18n/ HTTP/1.1" 200 6496
[24/Jan/2015 19:37:11] "GET /admin/logout/ HTTP/1.1" 200 1231
[24/Jan/2015 19:37:13] "GET /admin/ HTTP/1.1" 302 0
[24/Jan/2015 19:37:13] "GET /admin/login/?next=/admin/ HTTP/1.1" 200 1916
[24/Jan/2015 19:37:19] "POST /admin/login/?next=/admin/ HTTP/1.1" 302 0
[24/Jan/2015 19:37:19] "GET /admin/ HTTP/1.1" 200 3225
[24/Jan/2015 19:37:22] "GET /admin/blog/author/ HTTP/1.1" 200 5601
[24/Jan/2015 19:37:22] "GET /admin/jsi18n/ HTTP/1.1" 200 6496
[24/Jan/2015 19:37:25] "GET /admin/ HTTP/1.1" 200 3225
[24/Jan/2015 19:37:31] "GET /admin/blog/author/add/ HTTP/1.1" 200 4512
[24/Jan/2015 19:37:31] "GET /admin/jsi18n/ HTTP/1.1" 200 6496
