Traceback (most recent call last):
  File "../manage.py", line 10, in <module>
    execute_from_command_line(sys.argv)
  File "/usr/local/lib/python2.7/dist-packages/Django-1.7.1-py2.7.egg/django/core/management/__init__.py", line 385, in execute_from_command_line
    utility.execute()
  File "/usr/local/lib/python2.7/dist-packages/Django-1.7.1-py2.7.egg/django/core/management/__init__.py", line 354, in execute
    django.setup()
  File "/usr/local/lib/python2.7/dist-packages/Django-1.7.1-py2.7.egg/django/__init__.py", line 21, in setup
    apps.populate(settings.INSTALLED_APPS)
  File "/usr/local/lib/python2.7/dist-packages/Django-1.7.1-py2.7.egg/django/apps/registry.py", line 115, in populate
    app_config.ready()
  File "/usr/local/lib/python2.7/dist-packages/Django-1.7.1-py2.7.egg/django/contrib/admin/apps.py", line 22, in ready
    self.module.autodiscover()
  File "/usr/local/lib/python2.7/dist-packages/Django-1.7.1-py2.7.egg/django/contrib/admin/__init__.py", line 23, in autodiscover
    autodiscover_modules('admin', register_to=site)
  File "/usr/local/lib/python2.7/dist-packages/Django-1.7.1-py2.7.egg/django/utils/module_loading.py", line 74, in autodiscover_modules
    import_module('%s.%s' % (app_config.name, module_to_search))
  File "/usr/lib/python2.7/importlib/__init__.py", line 37, in import_module
    __import__(name)
  File "/home/tao/djcode/mysite/mysite/blog/admin.py", line 3, in <module>
    from mysite.books.models import Book, Author, Publisher
ImportError: No module named books.models
